[0.667s] Invoking command in '/home/sura-itana/gazebo_practice/version1/light_seeking_robot_ws': CONDA_PROMPT_MODIFIER=(base) DEBUGINFOD_URLS=https://debuginfod.ubuntu.com PYTHONPATH=/home/sura-itana/gazebo_practice/version1/light_seeking_robot_ws/build/light_seeking_robot/prefix_override:/usr/lib/python3/dist-packages/colcon_core/task/python/colcon_distutils_commands:/home/sura-itana/gazebo_practice/version1/light_seeking_robot_ws/install/light_seeking_robot/lib/python3.12/site-packages:${PYTHONPATH} /usr/bin/python3 -W ignore:setup.py install is deprecated -W ignore:easy_install command is deprecated setup.py egg_info --egg-base build/light_seeking_robot build --build-base /home/sura-itana/gazebo_practice/version1/light_seeking_robot_ws/build/light_seeking_robot/build install --record /home/sura-itana/gazebo_practice/version1/light_seeking_robot_ws/build/light_seeking_robot/install.log --single-version-externally-managed install_data
[0.883s] running egg_info
[0.883s] creating build/light_seeking_robot/light_seeking_robot.egg-info
[0.895s] writing build/light_seeking_robot/light_seeking_robot.egg-info/PKG-INFO
[0.896s] writing dependency_links to build/light_seeking_robot/light_seeking_robot.egg-info/dependency_links.txt
[0.896s] writing entry points to build/light_seeking_robot/light_seeking_robot.egg-info/entry_points.txt
[0.896s] writing requirements to build/light_seeking_robot/light_seeking_robot.egg-info/requires.txt
[0.896s] writing top-level names to build/light_seeking_robot/light_seeking_robot.egg-info/top_level.txt
[0.896s] writing manifest file 'build/light_seeking_robot/light_seeking_robot.egg-info/SOURCES.txt'
[0.924s] reading manifest file 'build/light_seeking_robot/light_seeking_robot.egg-info/SOURCES.txt'
[0.924s] writing manifest file 'build/light_seeking_robot/light_seeking_robot.egg-info/SOURCES.txt'
[0.925s] running build
[0.925s] running build_py
[0.925s] creating /home/sura-itana/gazebo_practice/version1/light_seeking_robot_ws/build/light_seeking_robot/build
[0.925s] creating /home/sura-itana/gazebo_practice/version1/light_seeking_robot_ws/build/light_seeking_robot/build/lib
[0.925s] creating /home/sura-itana/gazebo_practice/version1/light_seeking_robot_ws/build/light_seeking_robot/build/lib/light_seeking_robot
[0.925s] copying light_seeking_robot/light_seeking_node.py -> /home/sura-itana/gazebo_practice/version1/light_seeking_robot_ws/build/light_seeking_robot/build/lib/light_seeking_robot
[0.931s] copying light_seeking_robot/__init__.py -> /home/sura-itana/gazebo_practice/version1/light_seeking_robot_ws/build/light_seeking_robot/build/lib/light_seeking_robot
[0.931s] copying light_seeking_robot/circle_mover_node.py -> /home/sura-itana/gazebo_practice/version1/light_seeking_robot_ws/build/light_seeking_robot/build/lib/light_seeking_robot
[0.931s] running install
[0.937s] running install_lib
[0.952s] running install_data
[0.953s] running install_egg_info
[0.968s] removing '/home/sura-itana/gazebo_practice/version1/light_seeking_robot_ws/install/light_seeking_robot/lib/python3.12/site-packages/light_seeking_robot-0.0.0-py3.12.egg-info' (and everything under it)
[0.968s] Copying build/light_seeking_robot/light_seeking_robot.egg-info to /home/sura-itana/gazebo_practice/version1/light_seeking_robot_ws/install/light_seeking_robot/lib/python3.12/site-packages/light_seeking_robot-0.0.0-py3.12.egg-info
[0.969s] running install_scripts
[1.069s] Installing circle_mover script to /home/sura-itana/gazebo_practice/version1/light_seeking_robot_ws/install/light_seeking_robot/lib/light_seeking_robot
[1.076s] Installing light_seeking_node script to /home/sura-itana/gazebo_practice/version1/light_seeking_robot_ws/install/light_seeking_robot/lib/light_seeking_robot
[1.076s] writing list of installed files to '/home/sura-itana/gazebo_practice/version1/light_seeking_robot_ws/build/light_seeking_robot/install.log'
[1.100s] Invoked command in '/home/sura-itana/gazebo_practice/version1/light_seeking_robot_ws' returned '0': CONDA_PROMPT_MODIFIER=(base) DEBUGINFOD_URLS=https://debuginfod.ubuntu.com PYTHONPATH=/home/sura-itana/gazebo_practice/version1/light_seeking_robot_ws/build/light_seeking_robot/prefix_override:/usr/lib/python3/dist-packages/colcon_core/task/python/colcon_distutils_commands:/home/sura-itana/gazebo_practice/version1/light_seeking_robot_ws/install/light_seeking_robot/lib/python3.12/site-packages:${PYTHONPATH} /usr/bin/python3 -W ignore:setup.py install is deprecated -W ignore:easy_install command is deprecated setup.py egg_info --egg-base build/light_seeking_robot build --build-base /home/sura-itana/gazebo_practice/version1/light_seeking_robot_ws/build/light_seeking_robot/build install --record /home/sura-itana/gazebo_practice/version1/light_seeking_robot_ws/build/light_seeking_robot/install.log --single-version-externally-managed install_data
