[1.069s] Invoking command in '/home/sura-itana/gazebo_practice/version1/light_seeking_robot': CONDA_PROMPT_MODIFIER=(base) DEBUGINFOD_URLS=https://debuginfod.ubuntu.com PYTHONPATH=/home/sura-itana/gazebo_practice/version1/light_seeking_robot/build/light_seeking_robot/prefix_override:/usr/lib/python3/dist-packages/colcon_core/task/python/colcon_distutils_commands:/home/sura-itana/gazebo_practice/version1/light_seeking_robot/install/light_seeking_robot/lib/python3.12/site-packages:${PYTHONPATH} /usr/bin/python3 -W ignore:setup.py install is deprecated -W ignore:easy_install command is deprecated setup.py egg_info --egg-base build/light_seeking_robot build --build-base /home/sura-itana/gazebo_practice/version1/light_seeking_robot/build/light_seeking_robot/build install --record /home/sura-itana/gazebo_practice/version1/light_seeking_robot/build/light_seeking_robot/install.log --single-version-externally-managed install_data
[1.371s] running egg_info
[1.395s] writing build/light_seeking_robot/light_seeking_robot.egg-info/PKG-INFO
[1.402s] writing dependency_links to build/light_seeking_robot/light_seeking_robot.egg-info/dependency_links.txt
[1.402s] writing entry points to build/light_seeking_robot/light_seeking_robot.egg-info/entry_points.txt
[1.403s] writing requirements to build/light_seeking_robot/light_seeking_robot.egg-info/requires.txt
[1.403s] writing top-level names to build/light_seeking_robot/light_seeking_robot.egg-info/top_level.txt
[1.455s] reading manifest file 'build/light_seeking_robot/light_seeking_robot.egg-info/SOURCES.txt'
[1.456s] writing manifest file 'build/light_seeking_robot/light_seeking_robot.egg-info/SOURCES.txt'
[1.456s] running build
[1.456s] running build_py
[1.456s] running install
[1.462s] running install_lib
[1.487s] running install_data
[1.487s] running install_egg_info
[1.513s] removing '/home/sura-itana/gazebo_practice/version1/light_seeking_robot/install/light_seeking_robot/lib/python3.12/site-packages/light_seeking_robot-0.0.0-py3.12.egg-info' (and everything under it)
[1.513s] Copying build/light_seeking_robot/light_seeking_robot.egg-info to /home/sura-itana/gazebo_practice/version1/light_seeking_robot/install/light_seeking_robot/lib/python3.12/site-packages/light_seeking_robot-0.0.0-py3.12.egg-info
[1.514s] running install_scripts
[1.668s] Installing circle_mover script to /home/sura-itana/gazebo_practice/version1/light_seeking_robot/install/light_seeking_robot/lib/light_seeking_robot
[1.668s] Installing light_seeking_node script to /home/sura-itana/gazebo_practice/version1/light_seeking_robot/install/light_seeking_robot/lib/light_seeking_robot
[1.668s] writing list of installed files to '/home/sura-itana/gazebo_practice/version1/light_seeking_robot/build/light_seeking_robot/install.log'
[1.695s] Invoked command in '/home/sura-itana/gazebo_practice/version1/light_seeking_robot' returned '0': CONDA_PROMPT_MODIFIER=(base) DEBUGINFOD_URLS=https://debuginfod.ubuntu.com PYTHONPATH=/home/sura-itana/gazebo_practice/version1/light_seeking_robot/build/light_seeking_robot/prefix_override:/usr/lib/python3/dist-packages/colcon_core/task/python/colcon_distutils_commands:/home/sura-itana/gazebo_practice/version1/light_seeking_robot/install/light_seeking_robot/lib/python3.12/site-packages:${PYTHONPATH} /usr/bin/python3 -W ignore:setup.py install is deprecated -W ignore:easy_install command is deprecated setup.py egg_info --egg-base build/light_seeking_robot build --build-base /home/sura-itana/gazebo_practice/version1/light_seeking_robot/build/light_seeking_robot/build install --record /home/sura-itana/gazebo_practice/version1/light_seeking_robot/build/light_seeking_robot/install.log --single-version-externally-managed install_data
