[0.102s] DEBUG:colcon:Command line arguments: ['/usr/bin/colcon', 'build']
[0.102s] DEBUG:colcon:Parsed command line arguments: Namespace(log_base=None, log_level=None, verb_name='build', build_base='build', install_base='install', merge_install=False, symlink_install=False, test_result_base=None, continue_on_error=False, executor='parallel', parallel_workers=8, event_handlers=None, ignore_user_meta=False, metas=['./colcon.meta'], base_paths=['.'], packages_ignore=None, packages_ignore_regex=None, paths=None, packages_up_to=None, packages_up_to_regex=None, packages_above=None, packages_above_and_dependencies=None, packages_above_depth=None, packages_select_by_dep=None, packages_skip_by_dep=None, packages_skip_up_to=None, packages_select_build_failed=False, packages_skip_build_finished=False, packages_select_test_failures=False, packages_skip_test_passed=False, packages_select=None, packages_skip=None, packages_select_regex=None, packages_skip_regex=None, packages_start=None, packages_end=None, allow_overriding=[], cmake_args=None, cmake_target=None, cmake_target_skip_unavailable=False, cmake_clean_cache=False, cmake_clean_first=False, cmake_force_configure=False, ament_cmake_args=None, catkin_cmake_args=None, catkin_skip_building_tests=False, verb_parser=<colcon_defaults.argument_parser.defaults.DefaultArgumentsDecorator object at 0x7d98cc528ad0>, verb_extension=<colcon_core.verb.build.BuildVerb object at 0x7d98cc6a4500>, main=<bound method BuildVerb.main of <colcon_core.verb.build.BuildVerb object at 0x7d98cc6a4500>>)
[0.139s] Level 1:colcon.colcon_core.package_discovery:discover_packages(colcon_meta) check parameters
[0.139s] Level 1:colcon.colcon_core.package_discovery:discover_packages(recursive) check parameters
[0.139s] Level 1:colcon.colcon_core.package_discovery:discover_packages(ignore) check parameters
[0.139s] Level 1:colcon.colcon_core.package_discovery:discover_packages(path) check parameters
[0.139s] Level 1:colcon.colcon_core.package_discovery:discover_packages(colcon_meta) discover
[0.139s] Level 1:colcon.colcon_core.package_discovery:discover_packages(recursive) discover
[0.139s] INFO:colcon.colcon_core.package_discovery:Crawling recursively for packages in '/home/sura-itana/gazebo_practice/version1/light_seeking_robot_ws'
[0.139s] Level 1:colcon.colcon_core.package_identification:_identify(.) by extensions ['ignore', 'ignore_ament_install']
[0.139s] Level 1:colcon.colcon_core.package_identification:_identify(.) by extension 'ignore'
[0.139s] Level 1:colcon.colcon_core.package_identification:_identify(.) by extension 'ignore_ament_install'
[0.140s] Level 1:colcon.colcon_core.package_identification:_identify(.) by extensions ['colcon_pkg']
[0.140s] Level 1:colcon.colcon_core.package_identification:_identify(.) by extension 'colcon_pkg'
[0.140s] Level 1:colcon.colcon_core.package_identification:_identify(.) by extensions ['colcon_meta']
[0.140s] Level 1:colcon.colcon_core.package_identification:_identify(.) by extension 'colcon_meta'
[0.140s] Level 1:colcon.colcon_core.package_identification:_identify(.) by extensions ['ros']
[0.140s] Level 1:colcon.colcon_core.package_identification:_identify(.) by extension 'ros'
[0.165s] DEBUG:colcon.colcon_core.package_identification:Package '.' with type 'ros.ament_python' and name 'light_seeking_robot'
[0.165s] Level 1:colcon.colcon_core.package_discovery:discover_packages(recursive) using defaults
[0.165s] Level 1:colcon.colcon_core.package_discovery:discover_packages(ignore) discover
[0.165s] Level 1:colcon.colcon_core.package_discovery:discover_packages(ignore) using defaults
[0.165s] Level 1:colcon.colcon_core.package_discovery:discover_packages(path) discover
[0.165s] Level 1:colcon.colcon_core.package_discovery:discover_packages(path) using defaults
[0.182s] Level 1:colcon.colcon_core.package_discovery:discover_packages(prefix_path) check parameters
[0.182s] Level 1:colcon.colcon_core.package_discovery:discover_packages(prefix_path) discover
[0.184s] DEBUG:colcon.colcon_installed_package_information.package_discovery:Found 17 installed packages in /home/sura-itana/ros2_humble/install
[0.184s] Level 1:colcon.colcon_core.package_discovery:discover_packages(prefix_path) using defaults
[0.186s] Level 5:colcon.colcon_core.verb:set package 'light_seeking_robot' build argument 'cmake_args' from command line to 'None'
[0.186s] Level 5:colcon.colcon_core.verb:set package 'light_seeking_robot' build argument 'cmake_target' from command line to 'None'
[0.186s] Level 5:colcon.colcon_core.verb:set package 'light_seeking_robot' build argument 'cmake_target_skip_unavailable' from command line to 'False'
[0.187s] Level 5:colcon.colcon_core.verb:set package 'light_seeking_robot' build argument 'cmake_clean_cache' from command line to 'False'
[0.187s] Level 5:colcon.colcon_core.verb:set package 'light_seeking_robot' build argument 'cmake_clean_first' from command line to 'False'
[0.187s] Level 5:colcon.colcon_core.verb:set package 'light_seeking_robot' build argument 'cmake_force_configure' from command line to 'False'
[0.187s] Level 5:colcon.colcon_core.verb:set package 'light_seeking_robot' build argument 'ament_cmake_args' from command line to 'None'
[0.187s] Level 5:colcon.colcon_core.verb:set package 'light_seeking_robot' build argument 'catkin_cmake_args' from command line to 'None'
[0.187s] Level 5:colcon.colcon_core.verb:set package 'light_seeking_robot' build argument 'catkin_skip_building_tests' from command line to 'False'
[0.187s] DEBUG:colcon.colcon_core.verb:Building package 'light_seeking_robot' with the following arguments: {'ament_cmake_args': None, 'build_base': '/home/sura-itana/gazebo_practice/version1/light_seeking_robot_ws/build/light_seeking_robot', 'catkin_cmake_args': None, 'catkin_skip_building_tests': False, 'cmake_args': None, 'cmake_clean_cache': False, 'cmake_clean_first': False, 'cmake_force_configure': False, 'cmake_target': None, 'cmake_target_skip_unavailable': False, 'install_base': '/home/sura-itana/gazebo_practice/version1/light_seeking_robot_ws/install/light_seeking_robot', 'merge_install': False, 'path': '/home/sura-itana/gazebo_practice/version1/light_seeking_robot_ws', 'symlink_install': False, 'test_result_base': None}
[0.187s] INFO:colcon.colcon_core.executor:Executing jobs using 'parallel' executor
[0.187s] DEBUG:colcon.colcon_parallel_executor.executor.parallel:run_until_complete
[0.188s] INFO:colcon.colcon_ros.task.ament_python.build:Building ROS package in '/home/sura-itana/gazebo_practice/version1/light_seeking_robot_ws' with build type 'ament_python'
[0.188s] Level 1:colcon.colcon_core.shell:create_environment_hook('light_seeking_robot', 'ament_prefix_path')
[0.190s] INFO:colcon.colcon_core.plugin_system:Skipping extension 'colcon_core.shell.bat': Not used on non-Windows systems
[0.190s] INFO:colcon.colcon_core.shell:Creating environment hook '/home/sura-itana/gazebo_practice/version1/light_seeking_robot_ws/install/light_seeking_robot/share/light_seeking_robot/hook/ament_prefix_path.ps1'
[0.192s] INFO:colcon.colcon_core.shell:Creating environment descriptor '/home/sura-itana/gazebo_practice/version1/light_seeking_robot_ws/install/light_seeking_robot/share/light_seeking_robot/hook/ament_prefix_path.dsv'
[0.192s] INFO:colcon.colcon_core.shell:Creating environment hook '/home/sura-itana/gazebo_practice/version1/light_seeking_robot_ws/install/light_seeking_robot/share/light_seeking_robot/hook/ament_prefix_path.sh'
[0.193s] INFO:colcon.colcon_core.shell:Skip shell extension 'powershell' for command environment: Not usable outside of PowerShell
[0.193s] DEBUG:colcon.colcon_core.shell:Skip shell extension 'dsv' for command environment
[0.382s] INFO:colcon.colcon_core.task.python.build:Building Python package in '/home/sura-itana/gazebo_practice/version1/light_seeking_robot_ws'
[0.383s] INFO:colcon.colcon_core.shell:Skip shell extension 'powershell' for command environment: Not usable outside of PowerShell
[0.383s] DEBUG:colcon.colcon_core.shell:Skip shell extension 'dsv' for command environment
[0.855s] DEBUG:colcon.colcon_core.event_handler.log_command:Invoking command in '/home/sura-itana/gazebo_practice/version1/light_seeking_robot_ws': CONDA_PROMPT_MODIFIER=(base) DEBUGINFOD_URLS=https://debuginfod.ubuntu.com PYTHONPATH=/home/sura-itana/gazebo_practice/version1/light_seeking_robot_ws/build/light_seeking_robot/prefix_override:/usr/lib/python3/dist-packages/colcon_core/task/python/colcon_distutils_commands:/home/sura-itana/gazebo_practice/version1/light_seeking_robot_ws/install/light_seeking_robot/lib/python3.12/site-packages:${PYTHONPATH} /usr/bin/python3 -W ignore:setup.py install is deprecated -W ignore:easy_install command is deprecated setup.py egg_info --egg-base build/light_seeking_robot build --build-base /home/sura-itana/gazebo_practice/version1/light_seeking_robot_ws/build/light_seeking_robot/build install --record /home/sura-itana/gazebo_practice/version1/light_seeking_robot_ws/build/light_seeking_robot/install.log --single-version-externally-managed install_data
[1.288s] DEBUG:colcon.colcon_core.event_handler.log_command:Invoked command in '/home/sura-itana/gazebo_practice/version1/light_seeking_robot_ws' returned '0': CONDA_PROMPT_MODIFIER=(base) DEBUGINFOD_URLS=https://debuginfod.ubuntu.com PYTHONPATH=/home/sura-itana/gazebo_practice/version1/light_seeking_robot_ws/build/light_seeking_robot/prefix_override:/usr/lib/python3/dist-packages/colcon_core/task/python/colcon_distutils_commands:/home/sura-itana/gazebo_practice/version1/light_seeking_robot_ws/install/light_seeking_robot/lib/python3.12/site-packages:${PYTHONPATH} /usr/bin/python3 -W ignore:setup.py install is deprecated -W ignore:easy_install command is deprecated setup.py egg_info --egg-base build/light_seeking_robot build --build-base /home/sura-itana/gazebo_practice/version1/light_seeking_robot_ws/build/light_seeking_robot/build install --record /home/sura-itana/gazebo_practice/version1/light_seeking_robot_ws/build/light_seeking_robot/install.log --single-version-externally-managed install_data
[1.290s] Level 1:colcon.colcon_core.environment:checking '/home/sura-itana/gazebo_practice/version1/light_seeking_robot_ws/install/light_seeking_robot' for CMake module files
[1.291s] Level 1:colcon.colcon_core.environment:checking '/home/sura-itana/gazebo_practice/version1/light_seeking_robot_ws/install/light_seeking_robot' for CMake config files
[1.292s] Level 1:colcon.colcon_core.environment:checking '/home/sura-itana/gazebo_practice/version1/light_seeking_robot_ws/install/light_seeking_robot/lib'
[1.292s] Level 1:colcon.colcon_core.environment:checking '/home/sura-itana/gazebo_practice/version1/light_seeking_robot_ws/install/light_seeking_robot/bin'
[1.292s] Level 1:colcon.colcon_core.environment:checking '/home/sura-itana/gazebo_practice/version1/light_seeking_robot_ws/install/light_seeking_robot/lib/pkgconfig/light_seeking_robot.pc'
[1.292s] Level 1:colcon.colcon_core.environment:checking '/home/sura-itana/gazebo_practice/version1/light_seeking_robot_ws/install/light_seeking_robot/lib/python3.12/site-packages'
[1.293s] Level 1:colcon.colcon_core.shell:create_environment_hook('light_seeking_robot', 'pythonpath')
[1.293s] INFO:colcon.colcon_core.shell:Creating environment hook '/home/sura-itana/gazebo_practice/version1/light_seeking_robot_ws/install/light_seeking_robot/share/light_seeking_robot/hook/pythonpath.ps1'
[1.293s] INFO:colcon.colcon_core.shell:Creating environment descriptor '/home/sura-itana/gazebo_practice/version1/light_seeking_robot_ws/install/light_seeking_robot/share/light_seeking_robot/hook/pythonpath.dsv'
[1.294s] INFO:colcon.colcon_core.shell:Creating environment hook '/home/sura-itana/gazebo_practice/version1/light_seeking_robot_ws/install/light_seeking_robot/share/light_seeking_robot/hook/pythonpath.sh'
[1.294s] Level 1:colcon.colcon_core.environment:checking '/home/sura-itana/gazebo_practice/version1/light_seeking_robot_ws/install/light_seeking_robot/bin'
[1.294s] Level 1:colcon.colcon_core.environment:create_environment_scripts_only(light_seeking_robot)
[1.295s] INFO:colcon.colcon_core.shell:Creating package script '/home/sura-itana/gazebo_practice/version1/light_seeking_robot_ws/install/light_seeking_robot/share/light_seeking_robot/package.ps1'
[1.295s] INFO:colcon.colcon_core.shell:Creating package descriptor '/home/sura-itana/gazebo_practice/version1/light_seeking_robot_ws/install/light_seeking_robot/share/light_seeking_robot/package.dsv'
[1.296s] INFO:colcon.colcon_core.shell:Creating package script '/home/sura-itana/gazebo_practice/version1/light_seeking_robot_ws/install/light_seeking_robot/share/light_seeking_robot/package.sh'
[1.297s] INFO:colcon.colcon_core.shell:Creating package script '/home/sura-itana/gazebo_practice/version1/light_seeking_robot_ws/install/light_seeking_robot/share/light_seeking_robot/package.bash'
[1.297s] INFO:colcon.colcon_core.shell:Creating package script '/home/sura-itana/gazebo_practice/version1/light_seeking_robot_ws/install/light_seeking_robot/share/light_seeking_robot/package.zsh'
[1.298s] Level 1:colcon.colcon_core.environment:create_file_with_runtime_dependencies(/home/sura-itana/gazebo_practice/version1/light_seeking_robot_ws/install/light_seeking_robot/share/colcon-core/packages/light_seeking_robot)
[1.299s] DEBUG:colcon.colcon_parallel_executor.executor.parallel:closing loop
[1.299s] DEBUG:colcon.colcon_parallel_executor.executor.parallel:loop closed
[1.299s] DEBUG:colcon.colcon_parallel_executor.executor.parallel:run_until_complete finished with '0'
[1.299s] DEBUG:colcon.colcon_core.event_reactor:joining thread
[1.306s] INFO:colcon.colcon_core.plugin_system:Skipping extension 'colcon_notification.desktop_notification.terminal_notifier': Not used on non-Darwin systems
[1.306s] INFO:colcon.colcon_core.plugin_system:Skipping extension 'colcon_notification.desktop_notification.win32': Not used on non-Windows systems
[1.306s] INFO:colcon.colcon_notification.desktop_notification:Sending desktop notification using 'notify2'
[1.320s] DEBUG:colcon.colcon_core.event_reactor:joined thread
[1.320s] INFO:colcon.colcon_core.shell:Creating prefix script '/home/sura-itana/gazebo_practice/version1/light_seeking_robot_ws/install/local_setup.ps1'
[1.321s] INFO:colcon.colcon_core.shell:Creating prefix util module '/home/sura-itana/gazebo_practice/version1/light_seeking_robot_ws/install/_local_setup_util_ps1.py'
[1.322s] INFO:colcon.colcon_core.shell:Creating prefix chain script '/home/sura-itana/gazebo_practice/version1/light_seeking_robot_ws/install/setup.ps1'
[1.323s] INFO:colcon.colcon_core.shell:Creating prefix script '/home/sura-itana/gazebo_practice/version1/light_seeking_robot_ws/install/local_setup.sh'
[1.323s] INFO:colcon.colcon_core.shell:Creating prefix util module '/home/sura-itana/gazebo_practice/version1/light_seeking_robot_ws/install/_local_setup_util_sh.py'
[1.324s] INFO:colcon.colcon_core.shell:Creating prefix chain script '/home/sura-itana/gazebo_practice/version1/light_seeking_robot_ws/install/setup.sh'
[1.325s] INFO:colcon.colcon_core.shell:Creating prefix script '/home/sura-itana/gazebo_practice/version1/light_seeking_robot_ws/install/local_setup.bash'
[1.325s] INFO:colcon.colcon_core.shell:Creating prefix chain script '/home/sura-itana/gazebo_practice/version1/light_seeking_robot_ws/install/setup.bash'
[1.328s] INFO:colcon.colcon_core.shell:Creating prefix script '/home/sura-itana/gazebo_practice/version1/light_seeking_robot_ws/install/local_setup.zsh'
[1.328s] INFO:colcon.colcon_core.shell:Creating prefix chain script '/home/sura-itana/gazebo_practice/version1/light_seeking_robot_ws/install/setup.zsh'
