[1.199s] Invoking command in '/home/sura-itana/gazebo_practice/version2.../light_seeking_robot_ws': CONDA_PROMPT_MODIFIER=(base) DEBUGINFOD_URLS=https://debuginfod.ubuntu.com PYTHONPATH=/home/sura-itana/gazebo_practice/version2.../light_seeking_robot_ws/build/light_seeking_robot/prefix_override:/usr/lib/python3/dist-packages/colcon_core/task/python/colcon_distutils_commands:/home/sura-itana/gazebo_practice/version2.../light_seeking_robot_ws/install/light_seeking_robot/lib/python3.12/site-packages:${PYTHONPATH} /usr/bin/python3 -W ignore:setup.py install is deprecated -W ignore:easy_install command is deprecated setup.py egg_info --egg-base build/light_seeking_robot build --build-base /home/sura-itana/gazebo_practice/version2.../light_seeking_robot_ws/build/light_seeking_robot/build install --record /home/sura-itana/gazebo_practice/version2.../light_seeking_robot_ws/build/light_seeking_robot/install.log --single-version-externally-managed install_data
[1.513s] running egg_info
[1.544s] writing build/light_seeking_robot/light_seeking_robot.egg-info/PKG-INFO
[1.544s] writing dependency_links to build/light_seeking_robot/light_seeking_robot.egg-info/dependency_links.txt
[1.544s] writing entry points to build/light_seeking_robot/light_seeking_robot.egg-info/entry_points.txt
[1.545s] writing requirements to build/light_seeking_robot/light_seeking_robot.egg-info/requires.txt
[1.545s] writing top-level names to build/light_seeking_robot/light_seeking_robot.egg-info/top_level.txt
[1.592s] reading manifest file 'build/light_seeking_robot/light_seeking_robot.egg-info/SOURCES.txt'
[1.593s] writing manifest file 'build/light_seeking_robot/light_seeking_robot.egg-info/SOURCES.txt'
[1.593s] running build
[1.594s] running build_py
[1.594s] copying light_seeking_robot/obstacle_avoidance_node.py -> /home/sura-itana/gazebo_practice/version2.../light_seeking_robot_ws/build/light_seeking_robot/build/lib/light_seeking_robot
[1.594s] running install
[1.602s] running install_lib
[1.627s] copying /home/sura-itana/gazebo_practice/version2.../light_seeking_robot_ws/build/light_seeking_robot/build/lib/light_seeking_robot/obstacle_avoidance_node.py -> /home/sura-itana/gazebo_practice/version2.../light_seeking_robot_ws/install/light_seeking_robot/lib/python3.12/site-packages/light_seeking_robot
[1.628s] byte-compiling /home/sura-itana/gazebo_practice/version2.../light_seeking_robot_ws/install/light_seeking_robot/lib/python3.12/site-packages/light_seeking_robot/obstacle_avoidance_node.py to obstacle_avoidance_node.cpython-312.pyc
[1.630s] running install_data
[1.630s] copying package.xml -> /home/sura-itana/gazebo_practice/version2.../light_seeking_robot_ws/install/light_seeking_robot/share/light_seeking_robot
[1.631s] copying worlds/light_seeking_world.sdf -> /home/sura-itana/gazebo_practice/version2.../light_seeking_robot_ws/install/light_seeking_robot/share/light_seeking_robot/worlds
[1.631s] running install_egg_info
[1.657s] removing '/home/sura-itana/gazebo_practice/version2.../light_seeking_robot_ws/install/light_seeking_robot/lib/python3.12/site-packages/light_seeking_robot-0.0.0-py3.12.egg-info' (and everything under it)
[1.657s] Copying build/light_seeking_robot/light_seeking_robot.egg-info to /home/sura-itana/gazebo_practice/version2.../light_seeking_robot_ws/install/light_seeking_robot/lib/python3.12/site-packages/light_seeking_robot-0.0.0-py3.12.egg-info
[1.658s] running install_scripts
[1.813s] Installing circle_mover script to /home/sura-itana/gazebo_practice/version2.../light_seeking_robot_ws/install/light_seeking_robot/lib/light_seeking_robot
[1.813s] Installing light_seeking_node script to /home/sura-itana/gazebo_practice/version2.../light_seeking_robot_ws/install/light_seeking_robot/lib/light_seeking_robot
[1.813s] Installing obstacle_avoidance script to /home/sura-itana/gazebo_practice/version2.../light_seeking_robot_ws/install/light_seeking_robot/lib/light_seeking_robot
[1.814s] writing list of installed files to '/home/sura-itana/gazebo_practice/version2.../light_seeking_robot_ws/build/light_seeking_robot/install.log'
[1.851s] Invoked command in '/home/sura-itana/gazebo_practice/version2.../light_seeking_robot_ws' returned '0': CONDA_PROMPT_MODIFIER=(base) DEBUGINFOD_URLS=https://debuginfod.ubuntu.com PYTHONPATH=/home/sura-itana/gazebo_practice/version2.../light_seeking_robot_ws/build/light_seeking_robot/prefix_override:/usr/lib/python3/dist-packages/colcon_core/task/python/colcon_distutils_commands:/home/sura-itana/gazebo_practice/version2.../light_seeking_robot_ws/install/light_seeking_robot/lib/python3.12/site-packages:${PYTHONPATH} /usr/bin/python3 -W ignore:setup.py install is deprecated -W ignore:easy_install command is deprecated setup.py egg_info --egg-base build/light_seeking_robot build --build-base /home/sura-itana/gazebo_practice/version2.../light_seeking_robot_ws/build/light_seeking_robot/build install --record /home/sura-itana/gazebo_practice/version2.../light_seeking_robot_ws/build/light_seeking_robot/install.log --single-version-externally-managed install_data
