running egg_info
creating build/light_seeking_robot/light_seeking_robot.egg-info
writing build/light_seeking_robot/light_seeking_robot.egg-info/PKG-INFO
writing dependency_links to build/light_seeking_robot/light_seeking_robot.egg-info/dependency_links.txt
writing entry points to build/light_seeking_robot/light_seeking_robot.egg-info/entry_points.txt
writing requirements to build/light_seeking_robot/light_seeking_robot.egg-info/requires.txt
writing top-level names to build/light_seeking_robot/light_seeking_robot.egg-info/top_level.txt
writing manifest file 'build/light_seeking_robot/light_seeking_robot.egg-info/SOURCES.txt'
reading manifest file 'build/light_seeking_robot/light_seeking_robot.egg-info/SOURCES.txt'
writing manifest file 'build/light_seeking_robot/light_seeking_robot.egg-info/SOURCES.txt'
running build
running build_py
creating /home/sura-itana/gazebo_practice/version1/light_seeking_robot/build/light_seeking_robot/build
creating /home/sura-itana/gazebo_practice/version1/light_seeking_robot/build/light_seeking_robot/build/lib
creating /home/sura-itana/gazebo_practice/version1/light_seeking_robot/build/light_seeking_robot/build/lib/light_seeking_robot
copying light_seeking_robot/light_seeking_node.py -> /home/sura-itana/gazebo_practice/version1/light_seeking_robot/build/light_seeking_robot/build/lib/light_seeking_robot
copying light_seeking_robot/__init__.py -> /home/sura-itana/gazebo_practice/version1/light_seeking_robot/build/light_seeking_robot/build/lib/light_seeking_robot
copying light_seeking_robot/circle_mover_node.py -> /home/sura-itana/gazebo_practice/version1/light_seeking_robot/build/light_seeking_robot/build/lib/light_seeking_robot
running install
running install_lib
creating /home/sura-itana/gazebo_practice/version1/light_seeking_robot/install/light_seeking_robot/lib/python3.12/site-packages/light_seeking_robot
copying /home/sura-itana/gazebo_practice/version1/light_seeking_robot/build/light_seeking_robot/build/lib/light_seeking_robot/light_seeking_node.py -> /home/sura-itana/gazebo_practice/version1/light_seeking_robot/install/light_seeking_robot/lib/python3.12/site-packages/light_seeking_robot
copying /home/sura-itana/gazebo_practice/version1/light_seeking_robot/build/light_seeking_robot/build/lib/light_seeking_robot/__init__.py -> /home/sura-itana/gazebo_practice/version1/light_seeking_robot/install/light_seeking_robot/lib/python3.12/site-packages/light_seeking_robot
copying /home/sura-itana/gazebo_practice/version1/light_seeking_robot/build/light_seeking_robot/build/lib/light_seeking_robot/circle_mover_node.py -> /home/sura-itana/gazebo_practice/version1/light_seeking_robot/install/light_seeking_robot/lib/python3.12/site-packages/light_seeking_robot
byte-compiling /home/sura-itana/gazebo_practice/version1/light_seeking_robot/install/light_seeking_robot/lib/python3.12/site-packages/light_seeking_robot/light_seeking_node.py to light_seeking_node.cpython-312.pyc
byte-compiling /home/sura-itana/gazebo_practice/version1/light_seeking_robot/install/light_seeking_robot/lib/python3.12/site-packages/light_seeking_robot/__init__.py to __init__.cpython-312.pyc
byte-compiling /home/sura-itana/gazebo_practice/version1/light_seeking_robot/install/light_seeking_robot/lib/python3.12/site-packages/light_seeking_robot/circle_mover_node.py to circle_mover_node.cpython-312.pyc
running install_data
creating /home/sura-itana/gazebo_practice/version1/light_seeking_robot/install/light_seeking_robot/share/ament_index
creating /home/sura-itana/gazebo_practice/version1/light_seeking_robot/install/light_seeking_robot/share/ament_index/resource_index
creating /home/sura-itana/gazebo_practice/version1/light_seeking_robot/install/light_seeking_robot/share/ament_index/resource_index/packages
copying resource/light_seeking_robot -> /home/sura-itana/gazebo_practice/version1/light_seeking_robot/install/light_seeking_robot/share/ament_index/resource_index/packages
copying package.xml -> /home/sura-itana/gazebo_practice/version1/light_seeking_robot/install/light_seeking_robot/share/light_seeking_robot
creating /home/sura-itana/gazebo_practice/version1/light_seeking_robot/install/light_seeking_robot/share/light_seeking_robot/launch
copying launch/light_seeking.launch.py -> /home/sura-itana/gazebo_practice/version1/light_seeking_robot/install/light_seeking_robot/share/light_seeking_robot/launch
creating /home/sura-itana/gazebo_practice/version1/light_seeking_robot/install/light_seeking_robot/share/light_seeking_robot/worlds
copying worlds/light_seeking_world.sdf -> /home/sura-itana/gazebo_practice/version1/light_seeking_robot/install/light_seeking_robot/share/light_seeking_robot/worlds
running install_egg_info
Copying build/light_seeking_robot/light_seeking_robot.egg-info to /home/sura-itana/gazebo_practice/version1/light_seeking_robot/install/light_seeking_robot/lib/python3.12/site-packages/light_seeking_robot-0.0.0-py3.12.egg-info
running install_scripts
Installing circle_mover script to /home/sura-itana/gazebo_practice/version1/light_seeking_robot/install/light_seeking_robot/lib/light_seeking_robot
Installing light_seeking_node script to /home/sura-itana/gazebo_practice/version1/light_seeking_robot/install/light_seeking_robot/lib/light_seeking_robot
writing list of installed files to '/home/sura-itana/gazebo_practice/version1/light_seeking_robot/build/light_seeking_robot/install.log'
