[1.354s] Invoking command in '/home/sura-itana/gazebo_practice/version1/light_seeking_robot': CONDA_PROMPT_MODIFIER=(base) DEBUGINFOD_URLS=https://debuginfod.ubuntu.com PYTHONPATH=/home/sura-itana/gazebo_practice/version1/light_seeking_robot/build/light_seeking_robot/prefix_override:/usr/lib/python3/dist-packages/colcon_core/task/python/colcon_distutils_commands:/home/sura-itana/gazebo_practice/version1/light_seeking_robot/install/light_seeking_robot/lib/python3.12/site-packages:${PYTHONPATH} /usr/bin/python3 -W ignore:setup.py install is deprecated -W ignore:easy_install command is deprecated setup.py egg_info --egg-base build/light_seeking_robot build --build-base /home/sura-itana/gazebo_practice/version1/light_seeking_robot/build/light_seeking_robot/build install --record /home/sura-itana/gazebo_practice/version1/light_seeking_robot/build/light_seeking_robot/install.log --single-version-externally-managed install_data
[1.799s] running egg_info
[1.799s] creating build/light_seeking_robot/light_seeking_robot.egg-info
[1.839s] writing build/light_seeking_robot/light_seeking_robot.egg-info/PKG-INFO
[1.840s] writing dependency_links to build/light_seeking_robot/light_seeking_robot.egg-info/dependency_links.txt
[1.840s] writing entry points to build/light_seeking_robot/light_seeking_robot.egg-info/entry_points.txt
[1.840s] writing requirements to build/light_seeking_robot/light_seeking_robot.egg-info/requires.txt
[1.840s] writing top-level names to build/light_seeking_robot/light_seeking_robot.egg-info/top_level.txt
[1.840s] writing manifest file 'build/light_seeking_robot/light_seeking_robot.egg-info/SOURCES.txt'
[1.907s] reading manifest file 'build/light_seeking_robot/light_seeking_robot.egg-info/SOURCES.txt'
[1.908s] writing manifest file 'build/light_seeking_robot/light_seeking_robot.egg-info/SOURCES.txt'
[1.908s] running build
[1.909s] running build_py
[1.909s] creating /home/sura-itana/gazebo_practice/version1/light_seeking_robot/build/light_seeking_robot/build
[1.909s] creating /home/sura-itana/gazebo_practice/version1/light_seeking_robot/build/light_seeking_robot/build/lib
[1.909s] creating /home/sura-itana/gazebo_practice/version1/light_seeking_robot/build/light_seeking_robot/build/lib/light_seeking_robot
[1.909s] copying light_seeking_robot/light_seeking_node.py -> /home/sura-itana/gazebo_practice/version1/light_seeking_robot/build/light_seeking_robot/build/lib/light_seeking_robot
[1.909s] copying light_seeking_robot/__init__.py -> /home/sura-itana/gazebo_practice/version1/light_seeking_robot/build/light_seeking_robot/build/lib/light_seeking_robot
[1.909s] copying light_seeking_robot/circle_mover_node.py -> /home/sura-itana/gazebo_practice/version1/light_seeking_robot/build/light_seeking_robot/build/lib/light_seeking_robot
[1.910s] running install
[1.918s] running install_lib
[1.953s] creating /home/sura-itana/gazebo_practice/version1/light_seeking_robot/install/light_seeking_robot/lib/python3.12/site-packages/light_seeking_robot
[1.954s] copying /home/sura-itana/gazebo_practice/version1/light_seeking_robot/build/light_seeking_robot/build/lib/light_seeking_robot/light_seeking_node.py -> /home/sura-itana/gazebo_practice/version1/light_seeking_robot/install/light_seeking_robot/lib/python3.12/site-packages/light_seeking_robot
[1.954s] copying /home/sura-itana/gazebo_practice/version1/light_seeking_robot/build/light_seeking_robot/build/lib/light_seeking_robot/__init__.py -> /home/sura-itana/gazebo_practice/version1/light_seeking_robot/install/light_seeking_robot/lib/python3.12/site-packages/light_seeking_robot
[1.954s] copying /home/sura-itana/gazebo_practice/version1/light_seeking_robot/build/light_seeking_robot/build/lib/light_seeking_robot/circle_mover_node.py -> /home/sura-itana/gazebo_practice/version1/light_seeking_robot/install/light_seeking_robot/lib/python3.12/site-packages/light_seeking_robot
[1.954s] byte-compiling /home/sura-itana/gazebo_practice/version1/light_seeking_robot/install/light_seeking_robot/lib/python3.12/site-packages/light_seeking_robot/light_seeking_node.py to light_seeking_node.cpython-312.pyc
[1.956s] byte-compiling /home/sura-itana/gazebo_practice/version1/light_seeking_robot/install/light_seeking_robot/lib/python3.12/site-packages/light_seeking_robot/__init__.py to __init__.cpython-312.pyc
[1.956s] byte-compiling /home/sura-itana/gazebo_practice/version1/light_seeking_robot/install/light_seeking_robot/lib/python3.12/site-packages/light_seeking_robot/circle_mover_node.py to circle_mover_node.cpython-312.pyc
[1.957s] running install_data
[1.957s] creating /home/sura-itana/gazebo_practice/version1/light_seeking_robot/install/light_seeking_robot/share/ament_index
[1.957s] creating /home/sura-itana/gazebo_practice/version1/light_seeking_robot/install/light_seeking_robot/share/ament_index/resource_index
[1.957s] creating /home/sura-itana/gazebo_practice/version1/light_seeking_robot/install/light_seeking_robot/share/ament_index/resource_index/packages
[1.958s] copying resource/light_seeking_robot -> /home/sura-itana/gazebo_practice/version1/light_seeking_robot/install/light_seeking_robot/share/ament_index/resource_index/packages
[1.958s] copying package.xml -> /home/sura-itana/gazebo_practice/version1/light_seeking_robot/install/light_seeking_robot/share/light_seeking_robot
[1.958s] creating /home/sura-itana/gazebo_practice/version1/light_seeking_robot/install/light_seeking_robot/share/light_seeking_robot/launch
[1.958s] copying launch/light_seeking.launch.py -> /home/sura-itana/gazebo_practice/version1/light_seeking_robot/install/light_seeking_robot/share/light_seeking_robot/launch
[1.958s] creating /home/sura-itana/gazebo_practice/version1/light_seeking_robot/install/light_seeking_robot/share/light_seeking_robot/worlds
[1.958s] copying worlds/light_seeking_world.sdf -> /home/sura-itana/gazebo_practice/version1/light_seeking_robot/install/light_seeking_robot/share/light_seeking_robot/worlds
[1.958s] running install_egg_info
[1.995s] Copying build/light_seeking_robot/light_seeking_robot.egg-info to /home/sura-itana/gazebo_practice/version1/light_seeking_robot/install/light_seeking_robot/lib/python3.12/site-packages/light_seeking_robot-0.0.0-py3.12.egg-info
[1.996s] running install_scripts
[2.177s] Installing circle_mover script to /home/sura-itana/gazebo_practice/version1/light_seeking_robot/install/light_seeking_robot/lib/light_seeking_robot
[2.177s] Installing light_seeking_node script to /home/sura-itana/gazebo_practice/version1/light_seeking_robot/install/light_seeking_robot/lib/light_seeking_robot
[2.178s] writing list of installed files to '/home/sura-itana/gazebo_practice/version1/light_seeking_robot/build/light_seeking_robot/install.log'
[2.220s] Invoked command in '/home/sura-itana/gazebo_practice/version1/light_seeking_robot' returned '0': CONDA_PROMPT_MODIFIER=(base) DEBUGINFOD_URLS=https://debuginfod.ubuntu.com PYTHONPATH=/home/sura-itana/gazebo_practice/version1/light_seeking_robot/build/light_seeking_robot/prefix_override:/usr/lib/python3/dist-packages/colcon_core/task/python/colcon_distutils_commands:/home/sura-itana/gazebo_practice/version1/light_seeking_robot/install/light_seeking_robot/lib/python3.12/site-packages:${PYTHONPATH} /usr/bin/python3 -W ignore:setup.py install is deprecated -W ignore:easy_install command is deprecated setup.py egg_info --egg-base build/light_seeking_robot build --build-base /home/sura-itana/gazebo_practice/version1/light_seeking_robot/build/light_seeking_robot/build install --record /home/sura-itana/gazebo_practice/version1/light_seeking_robot/build/light_seeking_robot/install.log --single-version-externally-managed install_data
